[2023-12-09 18:30:27,218] DEBUG preRegister called. Server=com.sun.jmx.mbeanserver.JmxMBeanServer@61064425, name=log4j:logger=kafka.controller (kafka.controller)
[2023-12-09 18:30:46,119] INFO [ControllerEventThread controllerId=0] Starting (kafka.controller.ControllerEventManager$ControllerEventThread)
[2023-12-09 18:30:46,156] INFO [Controller id=0] 0 successfully elected as the controller. Epoch incremented to 1 and epoch zk version is now 1 (kafka.controller.KafkaController)
[2023-12-09 18:30:46,156] INFO [Controller id=0] Registering handlers (kafka.controller.KafkaController)
[2023-12-09 18:30:46,167] INFO [Controller id=0] Deleting log dir event notifications (kafka.controller.KafkaController)
[2023-12-09 18:30:46,172] INFO [Controller id=0] Deleting isr change notifications (kafka.controller.KafkaController)
[2023-12-09 18:30:46,177] INFO [Controller id=0] Initializing controller context (kafka.controller.KafkaController)
[2023-12-09 18:30:46,220] INFO [Controller id=0] Initialized broker epochs cache: Map(0 -> 24) (kafka.controller.KafkaController)
[2023-12-09 18:30:46,232] DEBUG [Controller id=0] Register BrokerModifications handler for Set(0) (kafka.controller.KafkaController)
[2023-12-09 18:30:46,239] DEBUG [Channel manager on controller 0]: Controller 0 trying to connect to broker 0 (kafka.controller.ControllerChannelManager)
[2023-12-09 18:30:46,253] INFO [Controller id=0] Currently active brokers in the cluster: Set(0) (kafka.controller.KafkaController)
[2023-12-09 18:30:46,254] INFO [Controller id=0] Currently shutting brokers in the cluster: Set() (kafka.controller.KafkaController)
[2023-12-09 18:30:46,254] INFO [Controller id=0] Current list of topics in the cluster: Set() (kafka.controller.KafkaController)
[2023-12-09 18:30:46,254] INFO [Controller id=0] Fetching topic deletions in progress (kafka.controller.KafkaController)
[2023-12-09 18:30:46,255] INFO [RequestSendThread controllerId=0] Starting (kafka.controller.RequestSendThread)
[2023-12-09 18:30:46,257] INFO [Controller id=0] List of topics to be deleted:  (kafka.controller.KafkaController)
[2023-12-09 18:30:46,258] INFO [Controller id=0] List of topics ineligible for deletion:  (kafka.controller.KafkaController)
[2023-12-09 18:30:46,258] INFO [Controller id=0] Initializing topic deletion manager (kafka.controller.KafkaController)
[2023-12-09 18:30:46,259] INFO [Topic Deletion Manager 0] Initializing manager with initial deletions: Set(), initial ineligible deletions: Set() (kafka.controller.TopicDeletionManager)
[2023-12-09 18:30:46,259] INFO [Controller id=0] Sending update metadata request (kafka.controller.KafkaController)
[2023-12-09 18:30:46,284] INFO [RequestSendThread controllerId=0] Controller 0 connected to localhost:9092 (id: 0 rack: null) for sending state change requests (kafka.controller.RequestSendThread)
[2023-12-09 18:30:46,288] INFO [ReplicaStateMachine controllerId=0] Initializing replica state (kafka.controller.ZkReplicaStateMachine)
[2023-12-09 18:30:46,291] INFO [ReplicaStateMachine controllerId=0] Triggering online replica state changes (kafka.controller.ZkReplicaStateMachine)
[2023-12-09 18:30:46,310] INFO [ReplicaStateMachine controllerId=0] Triggering offline replica state changes (kafka.controller.ZkReplicaStateMachine)
[2023-12-09 18:30:46,311] DEBUG [ReplicaStateMachine controllerId=0] Started replica state machine with initial state -> Map() (kafka.controller.ZkReplicaStateMachine)
[2023-12-09 18:30:46,316] INFO [PartitionStateMachine controllerId=0] Initializing partition state (kafka.controller.ZkPartitionStateMachine)
[2023-12-09 18:30:46,316] INFO [PartitionStateMachine controllerId=0] Triggering online partition state changes (kafka.controller.ZkPartitionStateMachine)
[2023-12-09 18:30:46,318] DEBUG [PartitionStateMachine controllerId=0] Started partition state machine with initial state -> Map() (kafka.controller.ZkPartitionStateMachine)
[2023-12-09 18:30:46,319] INFO [Controller id=0] Ready to serve as the new controller with epoch 1 (kafka.controller.KafkaController)
[2023-12-09 18:30:46,327] INFO [Controller id=0] Partitions undergoing preferred replica election:  (kafka.controller.KafkaController)
[2023-12-09 18:30:46,328] INFO [Controller id=0] Partitions that completed preferred replica election:  (kafka.controller.KafkaController)
[2023-12-09 18:30:46,329] INFO [Controller id=0] Skipping preferred replica election for partitions due to topic deletion:  (kafka.controller.KafkaController)
[2023-12-09 18:30:46,329] INFO [Controller id=0] Resuming preferred replica election for partitions:  (kafka.controller.KafkaController)
[2023-12-09 18:30:46,333] INFO [Controller id=0] Starting replica leader election (PREFERRED) for partitions  triggered by ZkTriggered (kafka.controller.KafkaController)
[2023-12-09 18:30:46,349] INFO [Controller id=0] Starting the controller scheduler (kafka.controller.KafkaController)
[2023-12-09 18:30:51,350] INFO [Controller id=0] Processing automatic preferred replica leader election (kafka.controller.KafkaController)
[2023-12-09 18:30:51,351] TRACE [Controller id=0] Checking need to trigger auto leader balancing (kafka.controller.KafkaController)
