[2023-12-09 18:24:43,775] INFO Registered kafka:type=kafka.Log4jController MBean (kafka.utils.Log4jControllerRegistration$)
[2023-12-09 18:24:44,086] INFO Setting -D jdk.tls.rejectClientInitiatedRenegotiation=true to disable client-initiated TLS renegotiation (org.apache.zookeeper.common.X509Util)
[2023-12-09 18:24:44,140] INFO Registered signal handlers for TERM, INT, HUP (org.apache.kafka.common.utils.LoggingSignalHandler)
[2023-12-09 18:24:44,146] INFO starting (kafka.server.KafkaServer)
[2023-12-09 18:24:44,149] INFO Connecting to zookeeper on localhost:2181 (kafka.server.KafkaServer)
[2023-12-09 18:24:44,188] INFO [ZooKeeperClient Kafka server] Initializing a new session to localhost:2181. (kafka.zookeeper.ZooKeeperClient)
[2023-12-09 18:24:44,192] INFO Client environment:zookeeper.version=3.5.8-f439ca583e70862c3068a1f2a7d4d068eec33315, built on 05/04/2020 15:53 GMT (org.apache.zookeeper.ZooKeeper)
[2023-12-09 18:24:44,193] INFO Client environment:host.name=localhost (org.apache.zookeeper.ZooKeeper)
[2023-12-09 18:24:44,193] INFO Client environment:java.version=17.0.9 (org.apache.zookeeper.ZooKeeper)
[2023-12-09 18:24:44,194] INFO Client environment:java.vendor=Microsoft (org.apache.zookeeper.ZooKeeper)
[2023-12-09 18:24:44,201] INFO Client environment:java.home=/usr/local/sdkman/candidates/java/17.0.9-ms (org.apache.zookeeper.ZooKeeper)
[2023-12-09 18:24:44,202] INFO Client environment:java.class.path=/workspaces/Spark/kafka_2.12-2.6.0/bin/../libs/activation-1.1.1.jar:/workspaces/Spark/kafka_2.12-2.6.0/bin/../libs/aopalliance-repackaged-2.5.0.jar:/workspaces/Spark/kafka_2.12-2.6.0/bin/../libs/argparse4j-0.7.0.jar:/workspaces/Spark/kafka_2.12-2.6.0/bin/../libs/audience-annotations-0.5.0.jar:/workspaces/Spark/kafka_2.12-2.6.0/bin/../libs/commons-cli-1.4.jar:/workspaces/Spark/kafka_2.12-2.6.0/bin/../libs/commons-lang3-3.8.1.jar:/workspaces/Spark/kafka_2.12-2.6.0/bin/../libs/connect-api-2.6.0.jar:/workspaces/Spark/kafka_2.12-2.6.0/bin/../libs/connect-basic-auth-extension-2.6.0.jar:/workspaces/Spark/kafka_2.12-2.6.0/bin/../libs/connect-file-2.6.0.jar:/workspaces/Spark/kafka_2.12-2.6.0/bin/../libs/connect-json-2.6.0.jar:/workspaces/Spark/kafka_2.12-2.6.0/bin/../libs/connect-mirror-2.6.0.jar:/workspaces/Spark/kafka_2.12-2.6.0/bin/../libs/connect-mirror-client-2.6.0.jar:/workspaces/Spark/kafka_2.12-2.6.0/bin/../libs/connect-runtime-2.6.0.jar:/workspaces/Spark/kafka_2.12-2.6.0/bin/../libs/connect-transforms-2.6.0.jar:/workspaces/Spark/kafka_2.12-2.6.0/bin/../libs/hk2-api-2.5.0.jar:/workspaces/Spark/kafka_2.12-2.6.0/bin/../libs/hk2-locator-2.5.0.jar:/workspaces/Spark/kafka_2.12-2.6.0/bin/../libs/hk2-utils-2.5.0.jar:/workspaces/Spark/kafka_2.12-2.6.0/bin/../libs/jackson-annotations-2.10.2.jar:/workspaces/Spark/kafka_2.12-2.6.0/bin/../libs/jackson-core-2.10.2.jar:/workspaces/Spark/kafka_2.12-2.6.0/bin/../libs/jackson-databind-2.10.2.jar:/workspaces/Spark/kafka_2.12-2.6.0/bin/../libs/jackson-dataformat-csv-2.10.2.jar:/workspaces/Spark/kafka_2.12-2.6.0/bin/../libs/jackson-datatype-jdk8-2.10.2.jar:/workspaces/Spark/kafka_2.12-2.6.0/bin/../libs/jackson-jaxrs-base-2.10.2.jar:/workspaces/Spark/kafka_2.12-2.6.0/bin/../libs/jackson-jaxrs-json-provider-2.10.2.jar:/workspaces/Spark/kafka_2.12-2.6.0/bin/../libs/jackson-module-jaxb-annotations-2.10.2.jar:/workspaces/Spark/kafka_2.12-2.6.0/bin/../libs/jackson-module-paranamer-2.10.2.jar:/workspaces/Spark/kafka_2.12-2.6.0/bin/../libs/jackson-module-scala_2.12-2.10.2.jar:/workspaces/Spark/kafka_2.12-2.6.0/bin/../libs/jakarta.activation-api-1.2.1.jar:/workspaces/Spark/kafka_2.12-2.6.0/bin/../libs/jakarta.annotation-api-1.3.4.jar:/workspaces/Spark/kafka_2.12-2.6.0/bin/../libs/jakarta.inject-2.5.0.jar:/workspaces/Spark/kafka_2.12-2.6.0/bin/../libs/jakarta.ws.rs-api-2.1.5.jar:/workspaces/Spark/kafka_2.12-2.6.0/bin/../libs/jakarta.xml.bind-api-2.3.2.jar:/workspaces/Spark/kafka_2.12-2.6.0/bin/../libs/javassist-3.22.0-CR2.jar:/workspaces/Spark/kafka_2.12-2.6.0/bin/../libs/javassist-3.26.0-GA.jar:/workspaces/Spark/kafka_2.12-2.6.0/bin/../libs/javax.servlet-api-3.1.0.jar:/workspaces/Spark/kafka_2.12-2.6.0/bin/../libs/javax.ws.rs-api-2.1.1.jar:/workspaces/Spark/kafka_2.12-2.6.0/bin/../libs/jaxb-api-2.3.0.jar:/workspaces/Spark/kafka_2.12-2.6.0/bin/../libs/jersey-client-2.28.jar:/workspaces/Spark/kafka_2.12-2.6.0/bin/../libs/jersey-common-2.28.jar:/workspaces/Spark/kafka_2.12-2.6.0/bin/../libs/jersey-container-servlet-2.28.jar:/workspaces/Spark/kafka_2.12-2.6.0/bin/../libs/jersey-container-servlet-core-2.28.jar:/workspaces/Spark/kafka_2.12-2.6.0/bin/../libs/jersey-hk2-2.28.jar:/workspaces/Spark/kafka_2.12-2.6.0/bin/../libs/jersey-media-jaxb-2.28.jar:/workspaces/Spark/kafka_2.12-2.6.0/bin/../libs/jersey-server-2.28.jar:/workspaces/Spark/kafka_2.12-2.6.0/bin/../libs/jetty-client-9.4.24.v20191120.jar:/workspaces/Spark/kafka_2.12-2.6.0/bin/../libs/jetty-continuation-9.4.24.v20191120.jar:/workspaces/Spark/kafka_2.12-2.6.0/bin/../libs/jetty-http-9.4.24.v20191120.jar:/workspaces/Spark/kafka_2.12-2.6.0/bin/../libs/jetty-io-9.4.24.v20191120.jar:/workspaces/Spark/kafka_2.12-2.6.0/bin/../libs/jetty-security-9.4.24.v20191120.jar:/workspaces/Spark/kafka_2.12-2.6.0/bin/../libs/jetty-server-9.4.24.v20191120.jar:/workspaces/Spark/kafka_2.12-2.6.0/bin/../libs/jetty-servlet-9.4.24.v20191120.jar:/workspaces/Spark/kafka_2.12-2.6.0/bin/../libs/jetty-servlets-9.4.24.v20191120.jar:/workspaces/Spark/kafka_2.12-2.6.0/bin/../libs/jetty-util-9.4.24.v20191120.jar:/workspaces/Spark/kafka_2.12-2.6.0/bin/../libs/jopt-simple-5.0.4.jar:/workspaces/Spark/kafka_2.12-2.6.0/bin/../libs/kafka-clients-2.6.0.jar:/workspaces/Spark/kafka_2.12-2.6.0/bin/../libs/kafka-log4j-appender-2.6.0.jar:/workspaces/Spark/kafka_2.12-2.6.0/bin/../libs/kafka-streams-2.6.0.jar:/workspaces/Spark/kafka_2.12-2.6.0/bin/../libs/kafka-streams-examples-2.6.0.jar:/workspaces/Spark/kafka_2.12-2.6.0/bin/../libs/kafka-streams-scala_2.12-2.6.0.jar:/workspaces/Spark/kafka_2.12-2.6.0/bin/../libs/kafka-streams-test-utils-2.6.0.jar:/workspaces/Spark/kafka_2.12-2.6.0/bin/../libs/kafka-tools-2.6.0.jar:/workspaces/Spark/kafka_2.12-2.6.0/bin/../libs/kafka_2.12-2.6.0-sources.jar:/workspaces/Spark/kafka_2.12-2.6.0/bin/../libs/kafka_2.12-2.6.0.jar:/workspaces/Spark/kafka_2.12-2.6.0/bin/../libs/log4j-1.2.17.jar:/workspaces/Spark/kafka_2.12-2.6.0/bin/../libs/lz4-java-1.7.1.jar:/workspaces/Spark/kafka_2.12-2.6.0/bin/../libs/maven-artifact-3.6.3.jar:/workspaces/Spark/kafka_2.12-2.6.0/bin/../libs/metrics-core-2.2.0.jar:/workspaces/Spark/kafka_2.12-2.6.0/bin/../libs/netty-buffer-4.1.50.Final.jar:/workspaces/Spark/kafka_2.12-2.6.0/bin/../libs/netty-codec-4.1.50.Final.jar:/workspaces/Spark/kafka_2.12-2.6.0/bin/../libs/netty-common-4.1.50.Final.jar:/workspaces/Spark/kafka_2.12-2.6.0/bin/../libs/netty-handler-4.1.50.Final.jar:/workspaces/Spark/kafka_2.12-2.6.0/bin/../libs/netty-resolver-4.1.50.Final.jar:/workspaces/Spark/kafka_2.12-2.6.0/bin/../libs/netty-transport-4.1.50.Final.jar:/workspaces/Spark/kafka_2.12-2.6.0/bin/../libs/netty-transport-native-epoll-4.1.50.Final.jar:/workspaces/Spark/kafka_2.12-2.6.0/bin/../libs/netty-transport-native-unix-common-4.1.50.Final.jar:/workspaces/Spark/kafka_2.12-2.6.0/bin/../libs/osgi-resource-locator-1.0.1.jar:/workspaces/Spark/kafka_2.12-2.6.0/bin/../libs/paranamer-2.8.jar:/workspaces/Spark/kafka_2.12-2.6.0/bin/../libs/plexus-utils-3.2.1.jar:/workspaces/Spark/kafka_2.12-2.6.0/bin/../libs/reflections-0.9.12.jar:/workspaces/Spark/kafka_2.12-2.6.0/bin/../libs/rocksdbjni-5.18.4.jar:/workspaces/Spark/kafka_2.12-2.6.0/bin/../libs/scala-collection-compat_2.12-2.1.6.jar:/workspaces/Spark/kafka_2.12-2.6.0/bin/../libs/scala-java8-compat_2.12-0.9.1.jar:/workspaces/Spark/kafka_2.12-2.6.0/bin/../libs/scala-library-2.12.11.jar:/workspaces/Spark/kafka_2.12-2.6.0/bin/../libs/scala-logging_2.12-3.9.2.jar:/workspaces/Spark/kafka_2.12-2.6.0/bin/../libs/scala-reflect-2.12.11.jar:/workspaces/Spark/kafka_2.12-2.6.0/bin/../libs/slf4j-api-1.7.30.jar:/workspaces/Spark/kafka_2.12-2.6.0/bin/../libs/slf4j-log4j12-1.7.30.jar:/workspaces/Spark/kafka_2.12-2.6.0/bin/../libs/snappy-java-1.1.7.3.jar:/workspaces/Spark/kafka_2.12-2.6.0/bin/../libs/validation-api-2.0.1.Final.jar:/workspaces/Spark/kafka_2.12-2.6.0/bin/../libs/zookeeper-3.5.8.jar:/workspaces/Spark/kafka_2.12-2.6.0/bin/../libs/zookeeper-jute-3.5.8.jar:/workspaces/Spark/kafka_2.12-2.6.0/bin/../libs/zstd-jni-1.4.4-7.jar (org.apache.zookeeper.ZooKeeper)
[2023-12-09 18:24:44,204] INFO Client environment:java.library.path=/usr/java/packages/lib:/usr/lib64:/lib64:/lib:/usr/lib (org.apache.zookeeper.ZooKeeper)
[2023-12-09 18:24:44,204] INFO Client environment:java.io.tmpdir=/tmp (org.apache.zookeeper.ZooKeeper)
[2023-12-09 18:24:44,204] INFO Client environment:java.compiler=<NA> (org.apache.zookeeper.ZooKeeper)
[2023-12-09 18:24:44,204] INFO Client environment:os.name=Linux (org.apache.zookeeper.ZooKeeper)
[2023-12-09 18:24:44,205] INFO Client environment:os.arch=amd64 (org.apache.zookeeper.ZooKeeper)
[2023-12-09 18:24:44,205] INFO Client environment:os.version=6.2.0-1016-azure (org.apache.zookeeper.ZooKeeper)
[2023-12-09 18:24:44,205] INFO Client environment:user.name=codespace (org.apache.zookeeper.ZooKeeper)
[2023-12-09 18:24:44,205] INFO Client environment:user.home=/home/codespace (org.apache.zookeeper.ZooKeeper)
[2023-12-09 18:24:44,205] INFO Client environment:user.dir=/workspaces/Spark (org.apache.zookeeper.ZooKeeper)
[2023-12-09 18:24:44,206] INFO Client environment:os.memory.free=991MB (org.apache.zookeeper.ZooKeeper)
[2023-12-09 18:24:44,206] INFO Client environment:os.memory.max=1024MB (org.apache.zookeeper.ZooKeeper)
[2023-12-09 18:24:44,206] INFO Client environment:os.memory.total=1024MB (org.apache.zookeeper.ZooKeeper)
[2023-12-09 18:24:44,208] INFO Initiating client connection, connectString=localhost:2181 sessionTimeout=18000 watcher=kafka.zookeeper.ZooKeeperClient$ZooKeeperClientWatcher$@7ac296f6 (org.apache.zookeeper.ZooKeeper)
[2023-12-09 18:24:44,227] INFO jute.maxbuffer value is 4194304 Bytes (org.apache.zookeeper.ClientCnxnSocket)
[2023-12-09 18:24:44,232] INFO zookeeper.request.timeout value is 0. feature enabled= (org.apache.zookeeper.ClientCnxn)
[2023-12-09 18:24:44,237] INFO [ZooKeeperClient Kafka server] Waiting until connected. (kafka.zookeeper.ZooKeeperClient)
[2023-12-09 18:24:44,241] INFO Opening socket connection to server localhost/127.0.0.1:2181. Will not attempt to authenticate using SASL (unknown error) (org.apache.zookeeper.ClientCnxn)
[2023-12-09 18:24:44,248] INFO Socket error occurred: localhost/127.0.0.1:2181: Connection refused (org.apache.zookeeper.ClientCnxn)
[2023-12-09 18:24:45,349] INFO Opening socket connection to server localhost/[0:0:0:0:0:0:0:1]:2181. Will not attempt to authenticate using SASL (unknown error) (org.apache.zookeeper.ClientCnxn)
[2023-12-09 18:24:45,350] INFO Socket error occurred: localhost/[0:0:0:0:0:0:0:1]:2181: Connection refused (org.apache.zookeeper.ClientCnxn)
[2023-12-09 18:24:46,451] INFO Opening socket connection to server localhost/[0:0:0:0:0:0:0:1]:2181. Will not attempt to authenticate using SASL (unknown error) (org.apache.zookeeper.ClientCnxn)
[2023-12-09 18:24:46,452] INFO Socket error occurred: localhost/[0:0:0:0:0:0:0:1]:2181: Connection refused (org.apache.zookeeper.ClientCnxn)
[2023-12-09 18:24:47,552] INFO Opening socket connection to server localhost/[0:0:0:0:0:0:0:1]:2181. Will not attempt to authenticate using SASL (unknown error) (org.apache.zookeeper.ClientCnxn)
[2023-12-09 18:24:47,553] INFO Socket error occurred: localhost/[0:0:0:0:0:0:0:1]:2181: Connection refused (org.apache.zookeeper.ClientCnxn)
[2023-12-09 18:24:48,653] INFO Opening socket connection to server localhost/127.0.0.1:2181. Will not attempt to authenticate using SASL (unknown error) (org.apache.zookeeper.ClientCnxn)
[2023-12-09 18:24:48,654] INFO Socket error occurred: localhost/127.0.0.1:2181: Connection refused (org.apache.zookeeper.ClientCnxn)
[2023-12-09 18:24:49,755] INFO Opening socket connection to server localhost/127.0.0.1:2181. Will not attempt to authenticate using SASL (unknown error) (org.apache.zookeeper.ClientCnxn)
[2023-12-09 18:24:49,755] INFO Socket error occurred: localhost/127.0.0.1:2181: Connection refused (org.apache.zookeeper.ClientCnxn)
[2023-12-09 18:24:50,856] INFO Opening socket connection to server localhost/[0:0:0:0:0:0:0:1]:2181. Will not attempt to authenticate using SASL (unknown error) (org.apache.zookeeper.ClientCnxn)
[2023-12-09 18:24:50,857] INFO Socket error occurred: localhost/[0:0:0:0:0:0:0:1]:2181: Connection refused (org.apache.zookeeper.ClientCnxn)
[2023-12-09 18:24:51,957] INFO Opening socket connection to server localhost/[0:0:0:0:0:0:0:1]:2181. Will not attempt to authenticate using SASL (unknown error) (org.apache.zookeeper.ClientCnxn)
[2023-12-09 18:24:51,958] INFO Socket error occurred: localhost/[0:0:0:0:0:0:0:1]:2181: Connection refused (org.apache.zookeeper.ClientCnxn)
[2023-12-09 18:24:53,059] INFO Opening socket connection to server localhost/[0:0:0:0:0:0:0:1]:2181. Will not attempt to authenticate using SASL (unknown error) (org.apache.zookeeper.ClientCnxn)
[2023-12-09 18:24:53,059] INFO Socket error occurred: localhost/[0:0:0:0:0:0:0:1]:2181: Connection refused (org.apache.zookeeper.ClientCnxn)
[2023-12-09 18:24:54,160] INFO Opening socket connection to server localhost/[0:0:0:0:0:0:0:1]:2181. Will not attempt to authenticate using SASL (unknown error) (org.apache.zookeeper.ClientCnxn)
[2023-12-09 18:24:54,161] INFO Socket error occurred: localhost/[0:0:0:0:0:0:0:1]:2181: Connection refused (org.apache.zookeeper.ClientCnxn)
[2023-12-09 18:24:55,261] INFO Opening socket connection to server localhost/127.0.0.1:2181. Will not attempt to authenticate using SASL (unknown error) (org.apache.zookeeper.ClientCnxn)
[2023-12-09 18:24:55,262] INFO Socket error occurred: localhost/127.0.0.1:2181: Connection refused (org.apache.zookeeper.ClientCnxn)
[2023-12-09 18:24:56,363] INFO Opening socket connection to server localhost/[0:0:0:0:0:0:0:1]:2181. Will not attempt to authenticate using SASL (unknown error) (org.apache.zookeeper.ClientCnxn)
[2023-12-09 18:24:56,364] INFO Socket error occurred: localhost/[0:0:0:0:0:0:0:1]:2181: Connection refused (org.apache.zookeeper.ClientCnxn)
[2023-12-09 18:24:57,464] INFO Opening socket connection to server localhost/[0:0:0:0:0:0:0:1]:2181. Will not attempt to authenticate using SASL (unknown error) (org.apache.zookeeper.ClientCnxn)
[2023-12-09 18:24:57,465] INFO Socket error occurred: localhost/[0:0:0:0:0:0:0:1]:2181: Connection refused (org.apache.zookeeper.ClientCnxn)
[2023-12-09 18:24:58,566] INFO Opening socket connection to server localhost/[0:0:0:0:0:0:0:1]:2181. Will not attempt to authenticate using SASL (unknown error) (org.apache.zookeeper.ClientCnxn)
[2023-12-09 18:24:58,567] INFO Socket error occurred: localhost/[0:0:0:0:0:0:0:1]:2181: Connection refused (org.apache.zookeeper.ClientCnxn)
[2023-12-09 18:24:59,668] INFO Opening socket connection to server localhost/127.0.0.1:2181. Will not attempt to authenticate using SASL (unknown error) (org.apache.zookeeper.ClientCnxn)
[2023-12-09 18:24:59,669] INFO Socket error occurred: localhost/127.0.0.1:2181: Connection refused (org.apache.zookeeper.ClientCnxn)
[2023-12-09 18:25:00,769] INFO Opening socket connection to server localhost/127.0.0.1:2181. Will not attempt to authenticate using SASL (unknown error) (org.apache.zookeeper.ClientCnxn)
[2023-12-09 18:25:00,770] INFO Socket error occurred: localhost/127.0.0.1:2181: Connection refused (org.apache.zookeeper.ClientCnxn)
[2023-12-09 18:25:01,870] INFO Opening socket connection to server localhost/127.0.0.1:2181. Will not attempt to authenticate using SASL (unknown error) (org.apache.zookeeper.ClientCnxn)
[2023-12-09 18:25:01,871] INFO Socket error occurred: localhost/127.0.0.1:2181: Connection refused (org.apache.zookeeper.ClientCnxn)
[2023-12-09 18:25:02,238] INFO [ZooKeeperClient Kafka server] Closing. (kafka.zookeeper.ZooKeeperClient)
[2023-12-09 18:25:02,973] INFO Opening socket connection to server localhost/127.0.0.1:2181. Will not attempt to authenticate using SASL (unknown error) (org.apache.zookeeper.ClientCnxn)
[2023-12-09 18:25:03,077] INFO Session: 0x0 closed (org.apache.zookeeper.ZooKeeper)
[2023-12-09 18:25:03,078] INFO EventThread shut down for session: 0x0 (org.apache.zookeeper.ClientCnxn)
[2023-12-09 18:25:03,080] INFO [ZooKeeperClient Kafka server] Closed. (kafka.zookeeper.ZooKeeperClient)
[2023-12-09 18:25:03,082] ERROR Fatal error during KafkaServer startup. Prepare to shutdown (kafka.server.KafkaServer)
kafka.zookeeper.ZooKeeperClientTimeoutException: Timed out waiting for connection while in state: CONNECTING
	at kafka.zookeeper.ZooKeeperClient.$anonfun$waitUntilConnected$3(ZooKeeperClient.scala:262)
	at kafka.zookeeper.ZooKeeperClient.waitUntilConnected(ZooKeeperClient.scala:258)
	at kafka.zookeeper.ZooKeeperClient.<init>(ZooKeeperClient.scala:119)
	at kafka.zk.KafkaZkClient$.apply(KafkaZkClient.scala:1865)
	at kafka.server.KafkaServer.createZkClient$1(KafkaServer.scala:419)
	at kafka.server.KafkaServer.initZkClient(KafkaServer.scala:444)
	at kafka.server.KafkaServer.startup(KafkaServer.scala:222)
	at kafka.server.KafkaServerStartable.startup(KafkaServerStartable.scala:44)
	at kafka.Kafka$.main(Kafka.scala:82)
	at kafka.Kafka.main(Kafka.scala)
[2023-12-09 18:25:03,086] INFO shutting down (kafka.server.KafkaServer)
[2023-12-09 18:25:03,092] INFO shut down completed (kafka.server.KafkaServer)
[2023-12-09 18:25:03,094] ERROR Exiting Kafka. (kafka.server.KafkaServerStartable)
[2023-12-09 18:25:03,097] INFO shutting down (kafka.server.KafkaServer)
[2023-12-09 18:30:27,194] INFO Reading configuration from: ./kafka_2.12-2.6.0/config/zookeeper.properties (org.apache.zookeeper.server.quorum.QuorumPeerConfig)
[2023-12-09 18:30:27,197] INFO clientPortAddress is 0.0.0.0:2181 (org.apache.zookeeper.server.quorum.QuorumPeerConfig)
[2023-12-09 18:30:27,198] INFO secureClientPort is not set (org.apache.zookeeper.server.quorum.QuorumPeerConfig)
[2023-12-09 18:30:27,200] INFO autopurge.snapRetainCount set to 3 (org.apache.zookeeper.server.DatadirCleanupManager)
[2023-12-09 18:30:27,200] INFO autopurge.purgeInterval set to 0 (org.apache.zookeeper.server.DatadirCleanupManager)
[2023-12-09 18:30:27,201] INFO Purge task is not scheduled. (org.apache.zookeeper.server.DatadirCleanupManager)
[2023-12-09 18:30:27,201] WARN Either no config or no quorum defined in config, running  in standalone mode (org.apache.zookeeper.server.quorum.QuorumPeerMain)
[2023-12-09 18:30:27,205] INFO Log4j 1.2 jmx support found and enabled. (org.apache.zookeeper.jmx.ManagedUtil)
[2023-12-09 18:30:27,222] INFO Reading configuration from: ./kafka_2.12-2.6.0/config/zookeeper.properties (org.apache.zookeeper.server.quorum.QuorumPeerConfig)
[2023-12-09 18:30:27,222] INFO clientPortAddress is 0.0.0.0:2181 (org.apache.zookeeper.server.quorum.QuorumPeerConfig)
[2023-12-09 18:30:27,222] INFO secureClientPort is not set (org.apache.zookeeper.server.quorum.QuorumPeerConfig)
[2023-12-09 18:30:27,223] INFO Starting server (org.apache.zookeeper.server.ZooKeeperServerMain)
[2023-12-09 18:30:27,225] INFO zookeeper.snapshot.trust.empty : false (org.apache.zookeeper.server.persistence.FileTxnSnapLog)
[2023-12-09 18:30:27,238] INFO Server environment:zookeeper.version=3.5.8-f439ca583e70862c3068a1f2a7d4d068eec33315, built on 05/04/2020 15:53 GMT (org.apache.zookeeper.server.ZooKeeperServer)
[2023-12-09 18:30:27,238] INFO Server environment:host.name=localhost (org.apache.zookeeper.server.ZooKeeperServer)
[2023-12-09 18:30:27,240] INFO Server environment:java.version=17.0.9 (org.apache.zookeeper.server.ZooKeeperServer)
[2023-12-09 18:30:27,240] INFO Server environment:java.vendor=Microsoft (org.apache.zookeeper.server.ZooKeeperServer)
[2023-12-09 18:30:27,241] INFO Server environment:java.home=/usr/local/sdkman/candidates/java/17.0.9-ms (org.apache.zookeeper.server.ZooKeeperServer)
[2023-12-09 18:30:27,241] INFO Server environment:java.class.path=/workspaces/Spark/kafka_2.12-2.6.0/bin/../libs/activation-1.1.1.jar:/workspaces/Spark/kafka_2.12-2.6.0/bin/../libs/aopalliance-repackaged-2.5.0.jar:/workspaces/Spark/kafka_2.12-2.6.0/bin/../libs/argparse4j-0.7.0.jar:/workspaces/Spark/kafka_2.12-2.6.0/bin/../libs/audience-annotations-0.5.0.jar:/workspaces/Spark/kafka_2.12-2.6.0/bin/../libs/commons-cli-1.4.jar:/workspaces/Spark/kafka_2.12-2.6.0/bin/../libs/commons-lang3-3.8.1.jar:/workspaces/Spark/kafka_2.12-2.6.0/bin/../libs/connect-api-2.6.0.jar:/workspaces/Spark/kafka_2.12-2.6.0/bin/../libs/connect-basic-auth-extension-2.6.0.jar:/workspaces/Spark/kafka_2.12-2.6.0/bin/../libs/connect-file-2.6.0.jar:/workspaces/Spark/kafka_2.12-2.6.0/bin/../libs/connect-json-2.6.0.jar:/workspaces/Spark/kafka_2.12-2.6.0/bin/../libs/connect-mirror-2.6.0.jar:/workspaces/Spark/kafka_2.12-2.6.0/bin/../libs/connect-mirror-client-2.6.0.jar:/workspaces/Spark/kafka_2.12-2.6.0/bin/../libs/connect-runtime-2.6.0.jar:/workspaces/Spark/kafka_2.12-2.6.0/bin/../libs/connect-transforms-2.6.0.jar:/workspaces/Spark/kafka_2.12-2.6.0/bin/../libs/hk2-api-2.5.0.jar:/workspaces/Spark/kafka_2.12-2.6.0/bin/../libs/hk2-locator-2.5.0.jar:/workspaces/Spark/kafka_2.12-2.6.0/bin/../libs/hk2-utils-2.5.0.jar:/workspaces/Spark/kafka_2.12-2.6.0/bin/../libs/jackson-annotations-2.10.2.jar:/workspaces/Spark/kafka_2.12-2.6.0/bin/../libs/jackson-core-2.10.2.jar:/workspaces/Spark/kafka_2.12-2.6.0/bin/../libs/jackson-databind-2.10.2.jar:/workspaces/Spark/kafka_2.12-2.6.0/bin/../libs/jackson-dataformat-csv-2.10.2.jar:/workspaces/Spark/kafka_2.12-2.6.0/bin/../libs/jackson-datatype-jdk8-2.10.2.jar:/workspaces/Spark/kafka_2.12-2.6.0/bin/../libs/jackson-jaxrs-base-2.10.2.jar:/workspaces/Spark/kafka_2.12-2.6.0/bin/../libs/jackson-jaxrs-json-provider-2.10.2.jar:/workspaces/Spark/kafka_2.12-2.6.0/bin/../libs/jackson-module-jaxb-annotations-2.10.2.jar:/workspaces/Spark/kafka_2.12-2.6.0/bin/../libs/jackson-module-paranamer-2.10.2.jar:/workspaces/Spark/kafka_2.12-2.6.0/bin/../libs/jackson-module-scala_2.12-2.10.2.jar:/workspaces/Spark/kafka_2.12-2.6.0/bin/../libs/jakarta.activation-api-1.2.1.jar:/workspaces/Spark/kafka_2.12-2.6.0/bin/../libs/jakarta.annotation-api-1.3.4.jar:/workspaces/Spark/kafka_2.12-2.6.0/bin/../libs/jakarta.inject-2.5.0.jar:/workspaces/Spark/kafka_2.12-2.6.0/bin/../libs/jakarta.ws.rs-api-2.1.5.jar:/workspaces/Spark/kafka_2.12-2.6.0/bin/../libs/jakarta.xml.bind-api-2.3.2.jar:/workspaces/Spark/kafka_2.12-2.6.0/bin/../libs/javassist-3.22.0-CR2.jar:/workspaces/Spark/kafka_2.12-2.6.0/bin/../libs/javassist-3.26.0-GA.jar:/workspaces/Spark/kafka_2.12-2.6.0/bin/../libs/javax.servlet-api-3.1.0.jar:/workspaces/Spark/kafka_2.12-2.6.0/bin/../libs/javax.ws.rs-api-2.1.1.jar:/workspaces/Spark/kafka_2.12-2.6.0/bin/../libs/jaxb-api-2.3.0.jar:/workspaces/Spark/kafka_2.12-2.6.0/bin/../libs/jersey-client-2.28.jar:/workspaces/Spark/kafka_2.12-2.6.0/bin/../libs/jersey-common-2.28.jar:/workspaces/Spark/kafka_2.12-2.6.0/bin/../libs/jersey-container-servlet-2.28.jar:/workspaces/Spark/kafka_2.12-2.6.0/bin/../libs/jersey-container-servlet-core-2.28.jar:/workspaces/Spark/kafka_2.12-2.6.0/bin/../libs/jersey-hk2-2.28.jar:/workspaces/Spark/kafka_2.12-2.6.0/bin/../libs/jersey-media-jaxb-2.28.jar:/workspaces/Spark/kafka_2.12-2.6.0/bin/../libs/jersey-server-2.28.jar:/workspaces/Spark/kafka_2.12-2.6.0/bin/../libs/jetty-client-9.4.24.v20191120.jar:/workspaces/Spark/kafka_2.12-2.6.0/bin/../libs/jetty-continuation-9.4.24.v20191120.jar:/workspaces/Spark/kafka_2.12-2.6.0/bin/../libs/jetty-http-9.4.24.v20191120.jar:/workspaces/Spark/kafka_2.12-2.6.0/bin/../libs/jetty-io-9.4.24.v20191120.jar:/workspaces/Spark/kafka_2.12-2.6.0/bin/../libs/jetty-security-9.4.24.v20191120.jar:/workspaces/Spark/kafka_2.12-2.6.0/bin/../libs/jetty-server-9.4.24.v20191120.jar:/workspaces/Spark/kafka_2.12-2.6.0/bin/../libs/jetty-servlet-9.4.24.v20191120.jar:/workspaces/Spark/kafka_2.12-2.6.0/bin/../libs/jetty-servlets-9.4.24.v20191120.jar:/workspaces/Spark/kafka_2.12-2.6.0/bin/../libs/jetty-util-9.4.24.v20191120.jar:/workspaces/Spark/kafka_2.12-2.6.0/bin/../libs/jopt-simple-5.0.4.jar:/workspaces/Spark/kafka_2.12-2.6.0/bin/../libs/kafka-clients-2.6.0.jar:/workspaces/Spark/kafka_2.12-2.6.0/bin/../libs/kafka-log4j-appender-2.6.0.jar:/workspaces/Spark/kafka_2.12-2.6.0/bin/../libs/kafka-streams-2.6.0.jar:/workspaces/Spark/kafka_2.12-2.6.0/bin/../libs/kafka-streams-examples-2.6.0.jar:/workspaces/Spark/kafka_2.12-2.6.0/bin/../libs/kafka-streams-scala_2.12-2.6.0.jar:/workspaces/Spark/kafka_2.12-2.6.0/bin/../libs/kafka-streams-test-utils-2.6.0.jar:/workspaces/Spark/kafka_2.12-2.6.0/bin/../libs/kafka-tools-2.6.0.jar:/workspaces/Spark/kafka_2.12-2.6.0/bin/../libs/kafka_2.12-2.6.0-sources.jar:/workspaces/Spark/kafka_2.12-2.6.0/bin/../libs/kafka_2.12-2.6.0.jar:/workspaces/Spark/kafka_2.12-2.6.0/bin/../libs/log4j-1.2.17.jar:/workspaces/Spark/kafka_2.12-2.6.0/bin/../libs/lz4-java-1.7.1.jar:/workspaces/Spark/kafka_2.12-2.6.0/bin/../libs/maven-artifact-3.6.3.jar:/workspaces/Spark/kafka_2.12-2.6.0/bin/../libs/metrics-core-2.2.0.jar:/workspaces/Spark/kafka_2.12-2.6.0/bin/../libs/netty-buffer-4.1.50.Final.jar:/workspaces/Spark/kafka_2.12-2.6.0/bin/../libs/netty-codec-4.1.50.Final.jar:/workspaces/Spark/kafka_2.12-2.6.0/bin/../libs/netty-common-4.1.50.Final.jar:/workspaces/Spark/kafka_2.12-2.6.0/bin/../libs/netty-handler-4.1.50.Final.jar:/workspaces/Spark/kafka_2.12-2.6.0/bin/../libs/netty-resolver-4.1.50.Final.jar:/workspaces/Spark/kafka_2.12-2.6.0/bin/../libs/netty-transport-4.1.50.Final.jar:/workspaces/Spark/kafka_2.12-2.6.0/bin/../libs/netty-transport-native-epoll-4.1.50.Final.jar:/workspaces/Spark/kafka_2.12-2.6.0/bin/../libs/netty-transport-native-unix-common-4.1.50.Final.jar:/workspaces/Spark/kafka_2.12-2.6.0/bin/../libs/osgi-resource-locator-1.0.1.jar:/workspaces/Spark/kafka_2.12-2.6.0/bin/../libs/paranamer-2.8.jar:/workspaces/Spark/kafka_2.12-2.6.0/bin/../libs/plexus-utils-3.2.1.jar:/workspaces/Spark/kafka_2.12-2.6.0/bin/../libs/reflections-0.9.12.jar:/workspaces/Spark/kafka_2.12-2.6.0/bin/../libs/rocksdbjni-5.18.4.jar:/workspaces/Spark/kafka_2.12-2.6.0/bin/../libs/scala-collection-compat_2.12-2.1.6.jar:/workspaces/Spark/kafka_2.12-2.6.0/bin/../libs/scala-java8-compat_2.12-0.9.1.jar:/workspaces/Spark/kafka_2.12-2.6.0/bin/../libs/scala-library-2.12.11.jar:/workspaces/Spark/kafka_2.12-2.6.0/bin/../libs/scala-logging_2.12-3.9.2.jar:/workspaces/Spark/kafka_2.12-2.6.0/bin/../libs/scala-reflect-2.12.11.jar:/workspaces/Spark/kafka_2.12-2.6.0/bin/../libs/slf4j-api-1.7.30.jar:/workspaces/Spark/kafka_2.12-2.6.0/bin/../libs/slf4j-log4j12-1.7.30.jar:/workspaces/Spark/kafka_2.12-2.6.0/bin/../libs/snappy-java-1.1.7.3.jar:/workspaces/Spark/kafka_2.12-2.6.0/bin/../libs/validation-api-2.0.1.Final.jar:/workspaces/Spark/kafka_2.12-2.6.0/bin/../libs/zookeeper-3.5.8.jar:/workspaces/Spark/kafka_2.12-2.6.0/bin/../libs/zookeeper-jute-3.5.8.jar:/workspaces/Spark/kafka_2.12-2.6.0/bin/../libs/zstd-jni-1.4.4-7.jar (org.apache.zookeeper.server.ZooKeeperServer)
[2023-12-09 18:30:27,245] INFO Server environment:java.library.path=/usr/java/packages/lib:/usr/lib64:/lib64:/lib:/usr/lib (org.apache.zookeeper.server.ZooKeeperServer)
[2023-12-09 18:30:27,247] INFO Server environment:java.io.tmpdir=/tmp (org.apache.zookeeper.server.ZooKeeperServer)
[2023-12-09 18:30:27,247] INFO Server environment:java.compiler=<NA> (org.apache.zookeeper.server.ZooKeeperServer)
[2023-12-09 18:30:27,247] INFO Server environment:os.name=Linux (org.apache.zookeeper.server.ZooKeeperServer)
[2023-12-09 18:30:27,248] INFO Server environment:os.arch=amd64 (org.apache.zookeeper.server.ZooKeeperServer)
[2023-12-09 18:30:27,248] INFO Server environment:os.version=6.2.0-1016-azure (org.apache.zookeeper.server.ZooKeeperServer)
[2023-12-09 18:30:27,249] INFO Server environment:user.name=codespace (org.apache.zookeeper.server.ZooKeeperServer)
[2023-12-09 18:30:27,249] INFO Server environment:user.home=/home/codespace (org.apache.zookeeper.server.ZooKeeperServer)
[2023-12-09 18:30:27,249] INFO Server environment:user.dir=/workspaces/Spark (org.apache.zookeeper.server.ZooKeeperServer)
[2023-12-09 18:30:27,249] INFO Server environment:os.memory.free=498MB (org.apache.zookeeper.server.ZooKeeperServer)
[2023-12-09 18:30:27,250] INFO Server environment:os.memory.max=512MB (org.apache.zookeeper.server.ZooKeeperServer)
[2023-12-09 18:30:27,250] INFO Server environment:os.memory.total=512MB (org.apache.zookeeper.server.ZooKeeperServer)
[2023-12-09 18:30:27,251] INFO minSessionTimeout set to 6000 (org.apache.zookeeper.server.ZooKeeperServer)
[2023-12-09 18:30:27,252] INFO maxSessionTimeout set to 60000 (org.apache.zookeeper.server.ZooKeeperServer)
[2023-12-09 18:30:27,252] INFO Created server with tickTime 3000 minSessionTimeout 6000 maxSessionTimeout 60000 datadir /tmp/zookeeper/version-2 snapdir /tmp/zookeeper/version-2 (org.apache.zookeeper.server.ZooKeeperServer)
[2023-12-09 18:30:27,263] INFO Using org.apache.zookeeper.server.NIOServerCnxnFactory as server connection factory (org.apache.zookeeper.server.ServerCnxnFactory)
[2023-12-09 18:30:27,271] INFO Configuring NIO connection handler with 10s sessionless connection timeout, 1 selector thread(s), 4 worker threads, and 64 kB direct buffers. (org.apache.zookeeper.server.NIOServerCnxnFactory)
[2023-12-09 18:30:27,275] INFO binding to port 0.0.0.0/0.0.0.0:2181 (org.apache.zookeeper.server.NIOServerCnxnFactory)
[2023-12-09 18:30:27,286] INFO zookeeper.snapshotSizeFactor = 0.33 (org.apache.zookeeper.server.ZKDatabase)
[2023-12-09 18:30:27,291] INFO Snapshotting: 0x0 to /tmp/zookeeper/version-2/snapshot.0 (org.apache.zookeeper.server.persistence.FileTxnSnapLog)
[2023-12-09 18:30:27,296] INFO Snapshotting: 0x0 to /tmp/zookeeper/version-2/snapshot.0 (org.apache.zookeeper.server.persistence.FileTxnSnapLog)
[2023-12-09 18:30:27,337] INFO Using checkIntervalMs=60000 maxPerMinute=10000 (org.apache.zookeeper.server.ContainerManager)
[2023-12-09 18:30:44,359] INFO Registered kafka:type=kafka.Log4jController MBean (kafka.utils.Log4jControllerRegistration$)
[2023-12-09 18:30:44,634] INFO Setting -D jdk.tls.rejectClientInitiatedRenegotiation=true to disable client-initiated TLS renegotiation (org.apache.zookeeper.common.X509Util)
[2023-12-09 18:30:44,678] INFO Registered signal handlers for TERM, INT, HUP (org.apache.kafka.common.utils.LoggingSignalHandler)
[2023-12-09 18:30:44,683] INFO starting (kafka.server.KafkaServer)
[2023-12-09 18:30:44,685] INFO Connecting to zookeeper on localhost:2181 (kafka.server.KafkaServer)
[2023-12-09 18:30:44,701] INFO [ZooKeeperClient Kafka server] Initializing a new session to localhost:2181. (kafka.zookeeper.ZooKeeperClient)
[2023-12-09 18:30:44,708] INFO Client environment:zookeeper.version=3.5.8-f439ca583e70862c3068a1f2a7d4d068eec33315, built on 05/04/2020 15:53 GMT (org.apache.zookeeper.ZooKeeper)
[2023-12-09 18:30:44,708] INFO Client environment:host.name=localhost (org.apache.zookeeper.ZooKeeper)
[2023-12-09 18:30:44,708] INFO Client environment:java.version=17.0.9 (org.apache.zookeeper.ZooKeeper)
[2023-12-09 18:30:44,708] INFO Client environment:java.vendor=Microsoft (org.apache.zookeeper.ZooKeeper)
[2023-12-09 18:30:44,708] INFO Client environment:java.home=/usr/local/sdkman/candidates/java/17.0.9-ms (org.apache.zookeeper.ZooKeeper)
[2023-12-09 18:30:44,708] INFO Client environment:java.class.path=/workspaces/Spark/kafka_2.12-2.6.0/bin/../libs/activation-1.1.1.jar:/workspaces/Spark/kafka_2.12-2.6.0/bin/../libs/aopalliance-repackaged-2.5.0.jar:/workspaces/Spark/kafka_2.12-2.6.0/bin/../libs/argparse4j-0.7.0.jar:/workspaces/Spark/kafka_2.12-2.6.0/bin/../libs/audience-annotations-0.5.0.jar:/workspaces/Spark/kafka_2.12-2.6.0/bin/../libs/commons-cli-1.4.jar:/workspaces/Spark/kafka_2.12-2.6.0/bin/../libs/commons-lang3-3.8.1.jar:/workspaces/Spark/kafka_2.12-2.6.0/bin/../libs/connect-api-2.6.0.jar:/workspaces/Spark/kafka_2.12-2.6.0/bin/../libs/connect-basic-auth-extension-2.6.0.jar:/workspaces/Spark/kafka_2.12-2.6.0/bin/../libs/connect-file-2.6.0.jar:/workspaces/Spark/kafka_2.12-2.6.0/bin/../libs/connect-json-2.6.0.jar:/workspaces/Spark/kafka_2.12-2.6.0/bin/../libs/connect-mirror-2.6.0.jar:/workspaces/Spark/kafka_2.12-2.6.0/bin/../libs/connect-mirror-client-2.6.0.jar:/workspaces/Spark/kafka_2.12-2.6.0/bin/../libs/connect-runtime-2.6.0.jar:/workspaces/Spark/kafka_2.12-2.6.0/bin/../libs/connect-transforms-2.6.0.jar:/workspaces/Spark/kafka_2.12-2.6.0/bin/../libs/hk2-api-2.5.0.jar:/workspaces/Spark/kafka_2.12-2.6.0/bin/../libs/hk2-locator-2.5.0.jar:/workspaces/Spark/kafka_2.12-2.6.0/bin/../libs/hk2-utils-2.5.0.jar:/workspaces/Spark/kafka_2.12-2.6.0/bin/../libs/jackson-annotations-2.10.2.jar:/workspaces/Spark/kafka_2.12-2.6.0/bin/../libs/jackson-core-2.10.2.jar:/workspaces/Spark/kafka_2.12-2.6.0/bin/../libs/jackson-databind-2.10.2.jar:/workspaces/Spark/kafka_2.12-2.6.0/bin/../libs/jackson-dataformat-csv-2.10.2.jar:/workspaces/Spark/kafka_2.12-2.6.0/bin/../libs/jackson-datatype-jdk8-2.10.2.jar:/workspaces/Spark/kafka_2.12-2.6.0/bin/../libs/jackson-jaxrs-base-2.10.2.jar:/workspaces/Spark/kafka_2.12-2.6.0/bin/../libs/jackson-jaxrs-json-provider-2.10.2.jar:/workspaces/Spark/kafka_2.12-2.6.0/bin/../libs/jackson-module-jaxb-annotations-2.10.2.jar:/workspaces/Spark/kafka_2.12-2.6.0/bin/../libs/jackson-module-paranamer-2.10.2.jar:/workspaces/Spark/kafka_2.12-2.6.0/bin/../libs/jackson-module-scala_2.12-2.10.2.jar:/workspaces/Spark/kafka_2.12-2.6.0/bin/../libs/jakarta.activation-api-1.2.1.jar:/workspaces/Spark/kafka_2.12-2.6.0/bin/../libs/jakarta.annotation-api-1.3.4.jar:/workspaces/Spark/kafka_2.12-2.6.0/bin/../libs/jakarta.inject-2.5.0.jar:/workspaces/Spark/kafka_2.12-2.6.0/bin/../libs/jakarta.ws.rs-api-2.1.5.jar:/workspaces/Spark/kafka_2.12-2.6.0/bin/../libs/jakarta.xml.bind-api-2.3.2.jar:/workspaces/Spark/kafka_2.12-2.6.0/bin/../libs/javassist-3.22.0-CR2.jar:/workspaces/Spark/kafka_2.12-2.6.0/bin/../libs/javassist-3.26.0-GA.jar:/workspaces/Spark/kafka_2.12-2.6.0/bin/../libs/javax.servlet-api-3.1.0.jar:/workspaces/Spark/kafka_2.12-2.6.0/bin/../libs/javax.ws.rs-api-2.1.1.jar:/workspaces/Spark/kafka_2.12-2.6.0/bin/../libs/jaxb-api-2.3.0.jar:/workspaces/Spark/kafka_2.12-2.6.0/bin/../libs/jersey-client-2.28.jar:/workspaces/Spark/kafka_2.12-2.6.0/bin/../libs/jersey-common-2.28.jar:/workspaces/Spark/kafka_2.12-2.6.0/bin/../libs/jersey-container-servlet-2.28.jar:/workspaces/Spark/kafka_2.12-2.6.0/bin/../libs/jersey-container-servlet-core-2.28.jar:/workspaces/Spark/kafka_2.12-2.6.0/bin/../libs/jersey-hk2-2.28.jar:/workspaces/Spark/kafka_2.12-2.6.0/bin/../libs/jersey-media-jaxb-2.28.jar:/workspaces/Spark/kafka_2.12-2.6.0/bin/../libs/jersey-server-2.28.jar:/workspaces/Spark/kafka_2.12-2.6.0/bin/../libs/jetty-client-9.4.24.v20191120.jar:/workspaces/Spark/kafka_2.12-2.6.0/bin/../libs/jetty-continuation-9.4.24.v20191120.jar:/workspaces/Spark/kafka_2.12-2.6.0/bin/../libs/jetty-http-9.4.24.v20191120.jar:/workspaces/Spark/kafka_2.12-2.6.0/bin/../libs/jetty-io-9.4.24.v20191120.jar:/workspaces/Spark/kafka_2.12-2.6.0/bin/../libs/jetty-security-9.4.24.v20191120.jar:/workspaces/Spark/kafka_2.12-2.6.0/bin/../libs/jetty-server-9.4.24.v20191120.jar:/workspaces/Spark/kafka_2.12-2.6.0/bin/../libs/jetty-servlet-9.4.24.v20191120.jar:/workspaces/Spark/kafka_2.12-2.6.0/bin/../libs/jetty-servlets-9.4.24.v20191120.jar:/workspaces/Spark/kafka_2.12-2.6.0/bin/../libs/jetty-util-9.4.24.v20191120.jar:/workspaces/Spark/kafka_2.12-2.6.0/bin/../libs/jopt-simple-5.0.4.jar:/workspaces/Spark/kafka_2.12-2.6.0/bin/../libs/kafka-clients-2.6.0.jar:/workspaces/Spark/kafka_2.12-2.6.0/bin/../libs/kafka-log4j-appender-2.6.0.jar:/workspaces/Spark/kafka_2.12-2.6.0/bin/../libs/kafka-streams-2.6.0.jar:/workspaces/Spark/kafka_2.12-2.6.0/bin/../libs/kafka-streams-examples-2.6.0.jar:/workspaces/Spark/kafka_2.12-2.6.0/bin/../libs/kafka-streams-scala_2.12-2.6.0.jar:/workspaces/Spark/kafka_2.12-2.6.0/bin/../libs/kafka-streams-test-utils-2.6.0.jar:/workspaces/Spark/kafka_2.12-2.6.0/bin/../libs/kafka-tools-2.6.0.jar:/workspaces/Spark/kafka_2.12-2.6.0/bin/../libs/kafka_2.12-2.6.0-sources.jar:/workspaces/Spark/kafka_2.12-2.6.0/bin/../libs/kafka_2.12-2.6.0.jar:/workspaces/Spark/kafka_2.12-2.6.0/bin/../libs/log4j-1.2.17.jar:/workspaces/Spark/kafka_2.12-2.6.0/bin/../libs/lz4-java-1.7.1.jar:/workspaces/Spark/kafka_2.12-2.6.0/bin/../libs/maven-artifact-3.6.3.jar:/workspaces/Spark/kafka_2.12-2.6.0/bin/../libs/metrics-core-2.2.0.jar:/workspaces/Spark/kafka_2.12-2.6.0/bin/../libs/netty-buffer-4.1.50.Final.jar:/workspaces/Spark/kafka_2.12-2.6.0/bin/../libs/netty-codec-4.1.50.Final.jar:/workspaces/Spark/kafka_2.12-2.6.0/bin/../libs/netty-common-4.1.50.Final.jar:/workspaces/Spark/kafka_2.12-2.6.0/bin/../libs/netty-handler-4.1.50.Final.jar:/workspaces/Spark/kafka_2.12-2.6.0/bin/../libs/netty-resolver-4.1.50.Final.jar:/workspaces/Spark/kafka_2.12-2.6.0/bin/../libs/netty-transport-4.1.50.Final.jar:/workspaces/Spark/kafka_2.12-2.6.0/bin/../libs/netty-transport-native-epoll-4.1.50.Final.jar:/workspaces/Spark/kafka_2.12-2.6.0/bin/../libs/netty-transport-native-unix-common-4.1.50.Final.jar:/workspaces/Spark/kafka_2.12-2.6.0/bin/../libs/osgi-resource-locator-1.0.1.jar:/workspaces/Spark/kafka_2.12-2.6.0/bin/../libs/paranamer-2.8.jar:/workspaces/Spark/kafka_2.12-2.6.0/bin/../libs/plexus-utils-3.2.1.jar:/workspaces/Spark/kafka_2.12-2.6.0/bin/../libs/reflections-0.9.12.jar:/workspaces/Spark/kafka_2.12-2.6.0/bin/../libs/rocksdbjni-5.18.4.jar:/workspaces/Spark/kafka_2.12-2.6.0/bin/../libs/scala-collection-compat_2.12-2.1.6.jar:/workspaces/Spark/kafka_2.12-2.6.0/bin/../libs/scala-java8-compat_2.12-0.9.1.jar:/workspaces/Spark/kafka_2.12-2.6.0/bin/../libs/scala-library-2.12.11.jar:/workspaces/Spark/kafka_2.12-2.6.0/bin/../libs/scala-logging_2.12-3.9.2.jar:/workspaces/Spark/kafka_2.12-2.6.0/bin/../libs/scala-reflect-2.12.11.jar:/workspaces/Spark/kafka_2.12-2.6.0/bin/../libs/slf4j-api-1.7.30.jar:/workspaces/Spark/kafka_2.12-2.6.0/bin/../libs/slf4j-log4j12-1.7.30.jar:/workspaces/Spark/kafka_2.12-2.6.0/bin/../libs/snappy-java-1.1.7.3.jar:/workspaces/Spark/kafka_2.12-2.6.0/bin/../libs/validation-api-2.0.1.Final.jar:/workspaces/Spark/kafka_2.12-2.6.0/bin/../libs/zookeeper-3.5.8.jar:/workspaces/Spark/kafka_2.12-2.6.0/bin/../libs/zookeeper-jute-3.5.8.jar:/workspaces/Spark/kafka_2.12-2.6.0/bin/../libs/zstd-jni-1.4.4-7.jar (org.apache.zookeeper.ZooKeeper)
[2023-12-09 18:30:44,709] INFO Client environment:java.library.path=/usr/java/packages/lib:/usr/lib64:/lib64:/lib:/usr/lib (org.apache.zookeeper.ZooKeeper)
[2023-12-09 18:30:44,709] INFO Client environment:java.io.tmpdir=/tmp (org.apache.zookeeper.ZooKeeper)
[2023-12-09 18:30:44,709] INFO Client environment:java.compiler=<NA> (org.apache.zookeeper.ZooKeeper)
[2023-12-09 18:30:44,709] INFO Client environment:os.name=Linux (org.apache.zookeeper.ZooKeeper)
[2023-12-09 18:30:44,710] INFO Client environment:os.arch=amd64 (org.apache.zookeeper.ZooKeeper)
[2023-12-09 18:30:44,710] INFO Client environment:os.version=6.2.0-1016-azure (org.apache.zookeeper.ZooKeeper)
[2023-12-09 18:30:44,710] INFO Client environment:user.name=codespace (org.apache.zookeeper.ZooKeeper)
[2023-12-09 18:30:44,710] INFO Client environment:user.home=/home/codespace (org.apache.zookeeper.ZooKeeper)
[2023-12-09 18:30:44,710] INFO Client environment:user.dir=/workspaces/Spark (org.apache.zookeeper.ZooKeeper)
[2023-12-09 18:30:44,710] INFO Client environment:os.memory.free=992MB (org.apache.zookeeper.ZooKeeper)
[2023-12-09 18:30:44,710] INFO Client environment:os.memory.max=1024MB (org.apache.zookeeper.ZooKeeper)
[2023-12-09 18:30:44,710] INFO Client environment:os.memory.total=1024MB (org.apache.zookeeper.ZooKeeper)
[2023-12-09 18:30:44,712] INFO Initiating client connection, connectString=localhost:2181 sessionTimeout=18000 watcher=kafka.zookeeper.ZooKeeperClient$ZooKeeperClientWatcher$@7ac296f6 (org.apache.zookeeper.ZooKeeper)
[2023-12-09 18:30:44,716] INFO jute.maxbuffer value is 4194304 Bytes (org.apache.zookeeper.ClientCnxnSocket)
[2023-12-09 18:30:44,721] INFO zookeeper.request.timeout value is 0. feature enabled= (org.apache.zookeeper.ClientCnxn)
[2023-12-09 18:30:44,735] INFO [ZooKeeperClient Kafka server] Waiting until connected. (kafka.zookeeper.ZooKeeperClient)
[2023-12-09 18:30:44,737] INFO Opening socket connection to server localhost/127.0.0.1:2181. Will not attempt to authenticate using SASL (unknown error) (org.apache.zookeeper.ClientCnxn)
[2023-12-09 18:30:44,745] INFO Socket connection established, initiating session, client: /127.0.0.1:38106, server: localhost/127.0.0.1:2181 (org.apache.zookeeper.ClientCnxn)
[2023-12-09 18:30:44,753] INFO Creating new log file: log.1 (org.apache.zookeeper.server.persistence.FileTxnLog)
[2023-12-09 18:30:44,775] INFO Session establishment complete on server localhost/127.0.0.1:2181, sessionid = 0x100001394a30000, negotiated timeout = 18000 (org.apache.zookeeper.ClientCnxn)
[2023-12-09 18:30:44,778] INFO [ZooKeeperClient Kafka server] Connected. (kafka.zookeeper.ZooKeeperClient)
[2023-12-09 18:30:45,069] INFO Cluster ID = tG-s_JwDTv286QKv2BHAgA (kafka.server.KafkaServer)
[2023-12-09 18:30:45,076] WARN No meta.properties file under dir /tmp/kafka-logs/meta.properties (kafka.server.BrokerMetadataCheckpoint)
[2023-12-09 18:30:45,120] INFO KafkaConfig values: 
	advertised.host.name = null
	advertised.listeners = null
	advertised.port = null
	alter.config.policy.class.name = null
	alter.log.dirs.replication.quota.window.num = 11
	alter.log.dirs.replication.quota.window.size.seconds = 1
	authorizer.class.name = 
	auto.create.topics.enable = true
	auto.leader.rebalance.enable = true
	background.threads = 10
	broker.id = 0
	broker.id.generation.enable = true
	broker.rack = null
	client.quota.callback.class = null
	compression.type = producer
	connection.failed.authentication.delay.ms = 100
	connections.max.idle.ms = 600000
	connections.max.reauth.ms = 0
	control.plane.listener.name = null
	controlled.shutdown.enable = true
	controlled.shutdown.max.retries = 3
	controlled.shutdown.retry.backoff.ms = 5000
	controller.socket.timeout.ms = 30000
	create.topic.policy.class.name = null
	default.replication.factor = 1
	delegation.token.expiry.check.interval.ms = 3600000
	delegation.token.expiry.time.ms = 86400000
	delegation.token.master.key = null
	delegation.token.max.lifetime.ms = 604800000
	delete.records.purgatory.purge.interval.requests = 1
	delete.topic.enable = true
	fetch.max.bytes = 57671680
	fetch.purgatory.purge.interval.requests = 1000
	group.initial.rebalance.delay.ms = 0
	group.max.session.timeout.ms = 1800000
	group.max.size = 2147483647
	group.min.session.timeout.ms = 6000
	host.name = 
	inter.broker.listener.name = null
	inter.broker.protocol.version = 2.6-IV0
	kafka.metrics.polling.interval.secs = 10
	kafka.metrics.reporters = []
	leader.imbalance.check.interval.seconds = 300
	leader.imbalance.per.broker.percentage = 10
	listener.security.protocol.map = PLAINTEXT:PLAINTEXT,SSL:SSL,SASL_PLAINTEXT:SASL_PLAINTEXT,SASL_SSL:SASL_SSL
	listeners = null
	log.cleaner.backoff.ms = 15000
	log.cleaner.dedupe.buffer.size = 134217728
	log.cleaner.delete.retention.ms = 86400000
	log.cleaner.enable = true
	log.cleaner.io.buffer.load.factor = 0.9
	log.cleaner.io.buffer.size = 524288
	log.cleaner.io.max.bytes.per.second = 1.7976931348623157E308
	log.cleaner.max.compaction.lag.ms = 9223372036854775807
	log.cleaner.min.cleanable.ratio = 0.5
	log.cleaner.min.compaction.lag.ms = 0
	log.cleaner.threads = 1
	log.cleanup.policy = [delete]
	log.dir = /tmp/kafka-logs
	log.dirs = /tmp/kafka-logs
	log.flush.interval.messages = 9223372036854775807
	log.flush.interval.ms = null
	log.flush.offset.checkpoint.interval.ms = 60000
	log.flush.scheduler.interval.ms = 9223372036854775807
	log.flush.start.offset.checkpoint.interval.ms = 60000
	log.index.interval.bytes = 4096
	log.index.size.max.bytes = 10485760
	log.message.downconversion.enable = true
	log.message.format.version = 2.6-IV0
	log.message.timestamp.difference.max.ms = 9223372036854775807
	log.message.timestamp.type = CreateTime
	log.preallocate = false
	log.retention.bytes = -1
	log.retention.check.interval.ms = 300000
	log.retention.hours = 168
	log.retention.minutes = null
	log.retention.ms = null
	log.roll.hours = 168
	log.roll.jitter.hours = 0
	log.roll.jitter.ms = null
	log.roll.ms = null
	log.segment.bytes = 1073741824
	log.segment.delete.delay.ms = 60000
	max.connections = 2147483647
	max.connections.per.ip = 2147483647
	max.connections.per.ip.overrides = 
	max.incremental.fetch.session.cache.slots = 1000
	message.max.bytes = 1048588
	metric.reporters = []
	metrics.num.samples = 2
	metrics.recording.level = INFO
	metrics.sample.window.ms = 30000
	min.insync.replicas = 1
	num.io.threads = 8
	num.network.threads = 3
	num.partitions = 1
	num.recovery.threads.per.data.dir = 1
	num.replica.alter.log.dirs.threads = null
	num.replica.fetchers = 1
	offset.metadata.max.bytes = 4096
	offsets.commit.required.acks = -1
	offsets.commit.timeout.ms = 5000
	offsets.load.buffer.size = 5242880
	offsets.retention.check.interval.ms = 600000
	offsets.retention.minutes = 10080
	offsets.topic.compression.codec = 0
	offsets.topic.num.partitions = 50
	offsets.topic.replication.factor = 1
	offsets.topic.segment.bytes = 104857600
	password.encoder.cipher.algorithm = AES/CBC/PKCS5Padding
	password.encoder.iterations = 4096
	password.encoder.key.length = 128
	password.encoder.keyfactory.algorithm = null
	password.encoder.old.secret = null
	password.encoder.secret = null
	port = 9092
	principal.builder.class = null
	producer.purgatory.purge.interval.requests = 1000
	queued.max.request.bytes = -1
	queued.max.requests = 500
	quota.consumer.default = 9223372036854775807
	quota.producer.default = 9223372036854775807
	quota.window.num = 11
	quota.window.size.seconds = 1
	replica.fetch.backoff.ms = 1000
	replica.fetch.max.bytes = 1048576
	replica.fetch.min.bytes = 1
	replica.fetch.response.max.bytes = 10485760
	replica.fetch.wait.max.ms = 500
	replica.high.watermark.checkpoint.interval.ms = 5000
	replica.lag.time.max.ms = 30000
	replica.selector.class = null
	replica.socket.receive.buffer.bytes = 65536
	replica.socket.timeout.ms = 30000
	replication.quota.window.num = 11
	replication.quota.window.size.seconds = 1
	request.timeout.ms = 30000
	reserved.broker.max.id = 1000
	sasl.client.callback.handler.class = null
	sasl.enabled.mechanisms = [GSSAPI]
	sasl.jaas.config = null
	sasl.kerberos.kinit.cmd = /usr/bin/kinit
	sasl.kerberos.min.time.before.relogin = 60000
	sasl.kerberos.principal.to.local.rules = [DEFAULT]
	sasl.kerberos.service.name = null
	sasl.kerberos.ticket.renew.jitter = 0.05
	sasl.kerberos.ticket.renew.window.factor = 0.8
	sasl.login.callback.handler.class = null
	sasl.login.class = null
	sasl.login.refresh.buffer.seconds = 300
	sasl.login.refresh.min.period.seconds = 60
	sasl.login.refresh.window.factor = 0.8
	sasl.login.refresh.window.jitter = 0.05
	sasl.mechanism.inter.broker.protocol = GSSAPI
	sasl.server.callback.handler.class = null
	security.inter.broker.protocol = PLAINTEXT
	security.providers = null
	socket.receive.buffer.bytes = 102400
	socket.request.max.bytes = 104857600
	socket.send.buffer.bytes = 102400
	ssl.cipher.suites = []
	ssl.client.auth = none
	ssl.enabled.protocols = [TLSv1.2, TLSv1.3]
	ssl.endpoint.identification.algorithm = https
	ssl.engine.factory.class = null
	ssl.key.password = null
	ssl.keymanager.algorithm = SunX509
	ssl.keystore.location = null
	ssl.keystore.password = null
	ssl.keystore.type = JKS
	ssl.principal.mapping.rules = DEFAULT
	ssl.protocol = TLSv1.3
	ssl.provider = null
	ssl.secure.random.implementation = null
	ssl.trustmanager.algorithm = PKIX
	ssl.truststore.location = null
	ssl.truststore.password = null
	ssl.truststore.type = JKS
	transaction.abort.timed.out.transaction.cleanup.interval.ms = 10000
	transaction.max.timeout.ms = 900000
	transaction.remove.expired.transaction.cleanup.interval.ms = 3600000
	transaction.state.log.load.buffer.size = 5242880
	transaction.state.log.min.isr = 1
	transaction.state.log.num.partitions = 50
	transaction.state.log.replication.factor = 1
	transaction.state.log.segment.bytes = 104857600
	transactional.id.expiration.ms = 604800000
	unclean.leader.election.enable = false
	zookeeper.clientCnxnSocket = null
	zookeeper.connect = localhost:2181
	zookeeper.connection.timeout.ms = 18000
	zookeeper.max.in.flight.requests = 10
	zookeeper.session.timeout.ms = 18000
	zookeeper.set.acl = false
	zookeeper.ssl.cipher.suites = null
	zookeeper.ssl.client.enable = false
	zookeeper.ssl.crl.enable = false
	zookeeper.ssl.enabled.protocols = null
	zookeeper.ssl.endpoint.identification.algorithm = HTTPS
	zookeeper.ssl.keystore.location = null
	zookeeper.ssl.keystore.password = null
	zookeeper.ssl.keystore.type = null
	zookeeper.ssl.ocsp.enable = false
	zookeeper.ssl.protocol = TLSv1.2
	zookeeper.ssl.truststore.location = null
	zookeeper.ssl.truststore.password = null
	zookeeper.ssl.truststore.type = null
	zookeeper.sync.time.ms = 2000
 (kafka.server.KafkaConfig)
[2023-12-09 18:30:45,150] INFO KafkaConfig values: 
	advertised.host.name = null
	advertised.listeners = null
	advertised.port = null
	alter.config.policy.class.name = null
	alter.log.dirs.replication.quota.window.num = 11
	alter.log.dirs.replication.quota.window.size.seconds = 1
	authorizer.class.name = 
	auto.create.topics.enable = true
	auto.leader.rebalance.enable = true
	background.threads = 10
	broker.id = 0
	broker.id.generation.enable = true
	broker.rack = null
	client.quota.callback.class = null
	compression.type = producer
	connection.failed.authentication.delay.ms = 100
	connections.max.idle.ms = 600000
	connections.max.reauth.ms = 0
	control.plane.listener.name = null
	controlled.shutdown.enable = true
	controlled.shutdown.max.retries = 3
	controlled.shutdown.retry.backoff.ms = 5000
	controller.socket.timeout.ms = 30000
	create.topic.policy.class.name = null
	default.replication.factor = 1
	delegation.token.expiry.check.interval.ms = 3600000
	delegation.token.expiry.time.ms = 86400000
	delegation.token.master.key = null
	delegation.token.max.lifetime.ms = 604800000
	delete.records.purgatory.purge.interval.requests = 1
	delete.topic.enable = true
	fetch.max.bytes = 57671680
	fetch.purgatory.purge.interval.requests = 1000
	group.initial.rebalance.delay.ms = 0
	group.max.session.timeout.ms = 1800000
	group.max.size = 2147483647
	group.min.session.timeout.ms = 6000
	host.name = 
	inter.broker.listener.name = null
	inter.broker.protocol.version = 2.6-IV0
	kafka.metrics.polling.interval.secs = 10
	kafka.metrics.reporters = []
	leader.imbalance.check.interval.seconds = 300
	leader.imbalance.per.broker.percentage = 10
	listener.security.protocol.map = PLAINTEXT:PLAINTEXT,SSL:SSL,SASL_PLAINTEXT:SASL_PLAINTEXT,SASL_SSL:SASL_SSL
	listeners = null
	log.cleaner.backoff.ms = 15000
	log.cleaner.dedupe.buffer.size = 134217728
	log.cleaner.delete.retention.ms = 86400000
	log.cleaner.enable = true
	log.cleaner.io.buffer.load.factor = 0.9
	log.cleaner.io.buffer.size = 524288
	log.cleaner.io.max.bytes.per.second = 1.7976931348623157E308
	log.cleaner.max.compaction.lag.ms = 9223372036854775807
	log.cleaner.min.cleanable.ratio = 0.5
	log.cleaner.min.compaction.lag.ms = 0
	log.cleaner.threads = 1
	log.cleanup.policy = [delete]
	log.dir = /tmp/kafka-logs
	log.dirs = /tmp/kafka-logs
	log.flush.interval.messages = 9223372036854775807
	log.flush.interval.ms = null
	log.flush.offset.checkpoint.interval.ms = 60000
	log.flush.scheduler.interval.ms = 9223372036854775807
	log.flush.start.offset.checkpoint.interval.ms = 60000
	log.index.interval.bytes = 4096
	log.index.size.max.bytes = 10485760
	log.message.downconversion.enable = true
	log.message.format.version = 2.6-IV0
	log.message.timestamp.difference.max.ms = 9223372036854775807
	log.message.timestamp.type = CreateTime
	log.preallocate = false
	log.retention.bytes = -1
	log.retention.check.interval.ms = 300000
	log.retention.hours = 168
	log.retention.minutes = null
	log.retention.ms = null
	log.roll.hours = 168
	log.roll.jitter.hours = 0
	log.roll.jitter.ms = null
	log.roll.ms = null
	log.segment.bytes = 1073741824
	log.segment.delete.delay.ms = 60000
	max.connections = 2147483647
	max.connections.per.ip = 2147483647
	max.connections.per.ip.overrides = 
	max.incremental.fetch.session.cache.slots = 1000
	message.max.bytes = 1048588
	metric.reporters = []
	metrics.num.samples = 2
	metrics.recording.level = INFO
	metrics.sample.window.ms = 30000
	min.insync.replicas = 1
	num.io.threads = 8
	num.network.threads = 3
	num.partitions = 1
	num.recovery.threads.per.data.dir = 1
	num.replica.alter.log.dirs.threads = null
	num.replica.fetchers = 1
	offset.metadata.max.bytes = 4096
	offsets.commit.required.acks = -1
	offsets.commit.timeout.ms = 5000
	offsets.load.buffer.size = 5242880
	offsets.retention.check.interval.ms = 600000
	offsets.retention.minutes = 10080
	offsets.topic.compression.codec = 0
	offsets.topic.num.partitions = 50
	offsets.topic.replication.factor = 1
	offsets.topic.segment.bytes = 104857600
	password.encoder.cipher.algorithm = AES/CBC/PKCS5Padding
	password.encoder.iterations = 4096
	password.encoder.key.length = 128
	password.encoder.keyfactory.algorithm = null
	password.encoder.old.secret = null
	password.encoder.secret = null
	port = 9092
	principal.builder.class = null
	producer.purgatory.purge.interval.requests = 1000
	queued.max.request.bytes = -1
	queued.max.requests = 500
	quota.consumer.default = 9223372036854775807
	quota.producer.default = 9223372036854775807
	quota.window.num = 11
	quota.window.size.seconds = 1
	replica.fetch.backoff.ms = 1000
	replica.fetch.max.bytes = 1048576
	replica.fetch.min.bytes = 1
	replica.fetch.response.max.bytes = 10485760
	replica.fetch.wait.max.ms = 500
	replica.high.watermark.checkpoint.interval.ms = 5000
	replica.lag.time.max.ms = 30000
	replica.selector.class = null
	replica.socket.receive.buffer.bytes = 65536
	replica.socket.timeout.ms = 30000
	replication.quota.window.num = 11
	replication.quota.window.size.seconds = 1
	request.timeout.ms = 30000
	reserved.broker.max.id = 1000
	sasl.client.callback.handler.class = null
	sasl.enabled.mechanisms = [GSSAPI]
	sasl.jaas.config = null
	sasl.kerberos.kinit.cmd = /usr/bin/kinit
	sasl.kerberos.min.time.before.relogin = 60000
	sasl.kerberos.principal.to.local.rules = [DEFAULT]
	sasl.kerberos.service.name = null
	sasl.kerberos.ticket.renew.jitter = 0.05
	sasl.kerberos.ticket.renew.window.factor = 0.8
	sasl.login.callback.handler.class = null
	sasl.login.class = null
	sasl.login.refresh.buffer.seconds = 300
	sasl.login.refresh.min.period.seconds = 60
	sasl.login.refresh.window.factor = 0.8
	sasl.login.refresh.window.jitter = 0.05
	sasl.mechanism.inter.broker.protocol = GSSAPI
	sasl.server.callback.handler.class = null
	security.inter.broker.protocol = PLAINTEXT
	security.providers = null
	socket.receive.buffer.bytes = 102400
	socket.request.max.bytes = 104857600
	socket.send.buffer.bytes = 102400
	ssl.cipher.suites = []
	ssl.client.auth = none
	ssl.enabled.protocols = [TLSv1.2, TLSv1.3]
	ssl.endpoint.identification.algorithm = https
	ssl.engine.factory.class = null
	ssl.key.password = null
	ssl.keymanager.algorithm = SunX509
	ssl.keystore.location = null
	ssl.keystore.password = null
	ssl.keystore.type = JKS
	ssl.principal.mapping.rules = DEFAULT
	ssl.protocol = TLSv1.3
	ssl.provider = null
	ssl.secure.random.implementation = null
	ssl.trustmanager.algorithm = PKIX
	ssl.truststore.location = null
	ssl.truststore.password = null
	ssl.truststore.type = JKS
	transaction.abort.timed.out.transaction.cleanup.interval.ms = 10000
	transaction.max.timeout.ms = 900000
	transaction.remove.expired.transaction.cleanup.interval.ms = 3600000
	transaction.state.log.load.buffer.size = 5242880
	transaction.state.log.min.isr = 1
	transaction.state.log.num.partitions = 50
	transaction.state.log.replication.factor = 1
	transaction.state.log.segment.bytes = 104857600
	transactional.id.expiration.ms = 604800000
	unclean.leader.election.enable = false
	zookeeper.clientCnxnSocket = null
	zookeeper.connect = localhost:2181
	zookeeper.connection.timeout.ms = 18000
	zookeeper.max.in.flight.requests = 10
	zookeeper.session.timeout.ms = 18000
	zookeeper.set.acl = false
	zookeeper.ssl.cipher.suites = null
	zookeeper.ssl.client.enable = false
	zookeeper.ssl.crl.enable = false
	zookeeper.ssl.enabled.protocols = null
	zookeeper.ssl.endpoint.identification.algorithm = HTTPS
	zookeeper.ssl.keystore.location = null
	zookeeper.ssl.keystore.password = null
	zookeeper.ssl.keystore.type = null
	zookeeper.ssl.ocsp.enable = false
	zookeeper.ssl.protocol = TLSv1.2
	zookeeper.ssl.truststore.location = null
	zookeeper.ssl.truststore.password = null
	zookeeper.ssl.truststore.type = null
	zookeeper.sync.time.ms = 2000
 (kafka.server.KafkaConfig)
[2023-12-09 18:30:45,206] INFO [ThrottledChannelReaper-Fetch]: Starting (kafka.server.ClientQuotaManager$ThrottledChannelReaper)
[2023-12-09 18:30:45,207] INFO [ThrottledChannelReaper-Produce]: Starting (kafka.server.ClientQuotaManager$ThrottledChannelReaper)
[2023-12-09 18:30:45,216] INFO [ThrottledChannelReaper-Request]: Starting (kafka.server.ClientQuotaManager$ThrottledChannelReaper)
[2023-12-09 18:30:45,235] INFO Log directory /tmp/kafka-logs not found, creating it. (kafka.log.LogManager)
[2023-12-09 18:30:45,242] INFO Loading logs from log dirs ArrayBuffer(/tmp/kafka-logs) (kafka.log.LogManager)
[2023-12-09 18:30:45,244] INFO Attempting recovery for all logs in /tmp/kafka-logs since no clean shutdown file was found (kafka.log.LogManager)
[2023-12-09 18:30:45,256] INFO Loaded 0 logs in 13ms. (kafka.log.LogManager)
[2023-12-09 18:30:45,279] INFO Starting log cleanup with a period of 300000 ms. (kafka.log.LogManager)
[2023-12-09 18:30:45,283] INFO Starting log flusher with a default period of 9223372036854775807 ms. (kafka.log.LogManager)
[2023-12-09 18:30:45,847] INFO Awaiting socket connections on 0.0.0.0:9092. (kafka.network.Acceptor)
[2023-12-09 18:30:45,922] INFO [SocketServer brokerId=0] Created data-plane acceptor and processors for endpoint : ListenerName(PLAINTEXT) (kafka.network.SocketServer)
[2023-12-09 18:30:45,948] INFO [ExpirationReaper-0-Produce]: Starting (kafka.server.DelayedOperationPurgatory$ExpiredOperationReaper)
[2023-12-09 18:30:45,949] INFO [ExpirationReaper-0-Fetch]: Starting (kafka.server.DelayedOperationPurgatory$ExpiredOperationReaper)
[2023-12-09 18:30:45,950] INFO [ExpirationReaper-0-DeleteRecords]: Starting (kafka.server.DelayedOperationPurgatory$ExpiredOperationReaper)
[2023-12-09 18:30:45,953] INFO [ExpirationReaper-0-ElectLeader]: Starting (kafka.server.DelayedOperationPurgatory$ExpiredOperationReaper)
[2023-12-09 18:30:45,968] INFO [LogDirFailureHandler]: Starting (kafka.server.ReplicaManager$LogDirFailureHandler)
[2023-12-09 18:30:45,990] INFO Creating /brokers/ids/0 (is it secure? false) (kafka.zk.KafkaZkClient)
[2023-12-09 18:30:46,008] INFO Stat of the created znode at /brokers/ids/0 is: 24,24,1702146646003,1702146646003,1,0,0,72057678136016896,188,0,24
 (kafka.zk.KafkaZkClient)
[2023-12-09 18:30:46,009] INFO Registered broker 0 at path /brokers/ids/0 with addresses: PLAINTEXT://localhost:9092, czxid (broker epoch): 24 (kafka.zk.KafkaZkClient)
[2023-12-09 18:30:46,128] INFO [ExpirationReaper-0-topic]: Starting (kafka.server.DelayedOperationPurgatory$ExpiredOperationReaper)
[2023-12-09 18:30:46,133] INFO [ExpirationReaper-0-Heartbeat]: Starting (kafka.server.DelayedOperationPurgatory$ExpiredOperationReaper)
[2023-12-09 18:30:46,144] INFO [ExpirationReaper-0-Rebalance]: Starting (kafka.server.DelayedOperationPurgatory$ExpiredOperationReaper)
[2023-12-09 18:30:46,149] INFO Successfully created /controller_epoch with initial epoch 0 (kafka.zk.KafkaZkClient)
[2023-12-09 18:30:46,186] INFO [GroupCoordinator 0]: Starting up. (kafka.coordinator.group.GroupCoordinator)
[2023-12-09 18:30:46,188] INFO [GroupCoordinator 0]: Startup complete. (kafka.coordinator.group.GroupCoordinator)
[2023-12-09 18:30:46,211] INFO [ProducerId Manager 0]: Acquired new producerId block (brokerId:0,blockStartProducerId:0,blockEndProducerId:999) by writing to Zk with path version 1 (kafka.coordinator.transaction.ProducerIdManager)
[2023-12-09 18:30:46,225] INFO [GroupMetadataManager brokerId=0] Removed 0 expired offsets in 35 milliseconds. (kafka.coordinator.group.GroupMetadataManager)
[2023-12-09 18:30:46,263] INFO [TransactionCoordinator id=0] Starting up. (kafka.coordinator.transaction.TransactionCoordinator)
[2023-12-09 18:30:46,281] INFO [TransactionCoordinator id=0] Startup complete. (kafka.coordinator.transaction.TransactionCoordinator)
[2023-12-09 18:30:46,288] INFO [Transaction Marker Channel Manager 0]: Starting (kafka.coordinator.transaction.TransactionMarkerChannelManager)
[2023-12-09 18:30:46,325] INFO [ExpirationReaper-0-AlterAcls]: Starting (kafka.server.DelayedOperationPurgatory$ExpiredOperationReaper)
[2023-12-09 18:30:46,381] INFO [/config/changes-event-process-thread]: Starting (kafka.common.ZkNodeChangeNotificationListener$ChangeEventProcessThread)
[2023-12-09 18:30:46,390] INFO [SocketServer brokerId=0] Starting socket server acceptors and processors (kafka.network.SocketServer)
[2023-12-09 18:30:46,403] INFO [SocketServer brokerId=0] Started data-plane acceptor and processor(s) for endpoint : ListenerName(PLAINTEXT) (kafka.network.SocketServer)
[2023-12-09 18:30:46,403] INFO [SocketServer brokerId=0] Started socket server acceptors and processors (kafka.network.SocketServer)
[2023-12-09 18:30:46,407] INFO Kafka version: 2.6.0 (org.apache.kafka.common.utils.AppInfoParser)
[2023-12-09 18:30:46,407] INFO Kafka commitId: 62abe01bee039651 (org.apache.kafka.common.utils.AppInfoParser)
[2023-12-09 18:30:46,408] INFO Kafka startTimeMs: 1702146646404 (org.apache.kafka.common.utils.AppInfoParser)
[2023-12-09 18:30:46,409] INFO [KafkaServer id=0] started (kafka.server.KafkaServer)
